### CustomExplorer log file, revision C-2009.09-SP2 (build 0909) ###
### created at 15:51:27 on Sun Apr  3 2016 (Linux) ###
# (0) running in waveview only mode
# (0) SW_SX_PERL_LIB defined
# (0) SW_SX_TCL_LIB defined
# (0) HOME defined
wv_move_window CustomWaveView 0 0
wv_resize_window CustomWaveView 800 400
wv_move_window CustomWaveView 948 25
wv_move_window CustomWaveView 336 191
wv_resize_window CustomWaveView 900 550
wv_expand_hierview_item {FILE0:D0:prelab1.sw0}
wv_select_hierview_item {FILE0:D0:prelab1.sw0} {toplevel}
wv_select_sigview_item i(vds)
wv_drag_sigview_item i(vds)
wv_drag_enter WV1
wv_drop_on WV1
wv_select_wv_item WV1.PANEL1:1.LINE1.SWPSWITCH
wv_release_wv_item WV1 16 35
wv_select_wv_item WV1.PANEL1:1.LEGEND.WIDTH
wv_drag_item_to WV1 82 135
wv_move_wv_item WV1.PANEL1:1.LEGEND.WIDTH 143
wv_select_wv_item WV1.PANEL1:1.LEGEND.WIDTH
wv_drag_item_to WV1 143 145
wv_move_wv_item WV1.PANEL1:1.LEGEND.WIDTH 190
wv_select_wv_item WV1.PANEL1:1.LEGEND.WIDTH
wv_drag_item_to WV1 192 140
wv_move_wv_item WV1.PANEL1:1.LEGEND.WIDTH 220
wv_resize_window CustomWaveView 904 550
wv_resize_window CustomWaveView 911 550
wv_resize_window CustomWaveView 939 550
wv_resize_window CustomWaveView 974 550
wv_resize_window CustomWaveView 1010 550
wv_resize_window CustomWaveView 1044 550
wv_resize_window CustomWaveView 1059 550
wv_resize_window CustomWaveView 1083 550
wv_resize_window CustomWaveView 1100 550
wv_resize_window CustomWaveView 1113 550
wv_resize_window CustomWaveView 1128 550
wv_resize_window CustomWaveView 1145 550
wv_resize_window CustomWaveView 1164 550
wv_resize_window CustomWaveView 1184 550
wv_resize_window CustomWaveView 1204 550
wv_resize_window CustomWaveView 1221 550
wv_resize_window CustomWaveView 1243 550
wv_resize_window CustomWaveView 1249 550
wv_resize_window CustomWaveView 1261 550
wv_resize_window CustomWaveView 1268 550
wv_resize_window CustomWaveView 1273 550
wv_resize_window CustomWaveView 1279 550
wv_resize_window CustomWaveView 1285 550
wv_resize_window CustomWaveView 1290 550
wv_resize_window CustomWaveView 1295 550
wv_resize_window CustomWaveView 1299 550
wv_resize_window CustomWaveView 1302 550
wv_resize_window CustomWaveView 1304 550
wv_resize_window CustomWaveView 1306 550
wv_resize_window CustomWaveView 1308 550
wv_resize_window CustomWaveView 1310 550
wv_resize_window CustomWaveView 1313 550
wv_resize_window CustomWaveView 1315 550
wv_resize_window CustomWaveView 1318 550
wv_resize_window CustomWaveView 1321 550
wv_resize_window CustomWaveView 1324 550
wv_resize_window CustomWaveView 1326 550
wv_resize_window CustomWaveView 1327 550
wv_resize_window CustomWaveView 1325 550
wv_resize_window CustomWaveView 1320 550
wv_resize_window CustomWaveView 1317 550
wv_resize_window CustomWaveView 1313 550
wv_resize_window CustomWaveView 1308 550
wv_resize_window CustomWaveView 1304 550
wv_resize_window CustomWaveView 1303 550
wv_resize_window CustomWaveView 1302 550
wv_resize_window CustomWaveView 1301 550
wv_resize_window CustomWaveView 1300 550
wv_resize_window CustomWaveView 1299 550
wv_select_panel WV1.PANEL1:1 1.64074 -0.000136897
wv_select_wv_item WV1.PANEL1:1.LEGEND
wv_select_panel WV1.PANEL1:1.LEGEND
wv_select_wv_item WV1.PANEL1:1.LEGEND
wv_select_panel WV1.PANEL1:1.LEGEND
wv_waveview_context_menu WV1.PANEL1:1.LINE1.TRACE3
wv_select_panel WV1.PANEL1:1 2.31966 -0.000179981
wv_drag_item_to WV1 594 287
wv_zoom WV1.PANEL1:1 2.31966 -0.000179981 2.59547 -0.000201523
wv_select_panel WV1.PANEL1:1 2.45386 -0.000198044
wv_drag_item_to WV1 606 321
#signal over-zoomed, action canceled
wv_release_wv_item WV1 351 210
wv_select_wv_item WV1.ICON.unzoom
wv_release_wv_item WV1 50 14
wv_select_panel WV1.PANEL1:1 1.97313 -0.000127168
wv_drag_item_to WV1 542 212
wv_zoom WV1.PANEL1:1 1.97313 -0.000127168 1.42857 -0.000143846
wv_select_wv_item WV1.ICON.unzoom
wv_release_wv_item WV1 56 12
wv_select_wv_item {WV1.ICON.add cursor}
wv_release_wv_item WV1 83 12
wv_select_wv_item WV1.PANEL1:1.XAXIS1
wv_drag_item_to WV1 651 403
wv_zoom_x WV1.PANEL1:1 2.51932 2.11747
wv_select_wv_item WV1.ICON.unzoom
wv_release_wv_item WV1 59 14
wv_select_wv_item {WV1.ICON.add cursor}
wv_release_wv_item WV1 75 14
wv_press_key Left
wv_press_key Left
wv_press_key Left
wv_press_key Left
wv_press_key Left
wv_press_key Left
wv_press_key Left
wv_press_key Left
wv_press_key Left
wv_press_key Right
wv_press_key Up
wv_press_key Left
wv_press_key Down
wv_press_key Left
wv_press_key Up
wv_press_key Right
wv_select_wv_item WV1.PANEL1:1.XAXIS1
wv_drag_item_to WV1 650 397
wv_zoom_x WV1.PANEL1:1 2.48841 2.79753
wv_select_wv_item WV1.ICON.unzoom
wv_release_wv_item WV1 60 12
wv_waveview_context_menu WV1.PANEL1:1.XAXIS1
wv_waveview_context_menu WV1.PANEL1:1.CURSOR2
wv_select_context_menu_item {Delete All}
wv_waveview_context_menu WV1.PANEL1:1 1.05375 -9.58971e-05
wv_select_wv_item {WV1.ICON.signal mode}
wv_release_wv_item WV1 179 17
wv_select_wv_item {WV1.ICON.signal mode}
wv_release_wv_item WV1 179 17
wv_select_wv_item {WV1.ICON.grid on/off}
wv_release_wv_item WV1 157 15
wv_select_wv_item {WV1.ICON.grid on/off}
wv_release_wv_item WV1 157 15
wv_select_wv_item {WV1.ICON.grid on/off}
wv_release_wv_item WV1 157 15
wv_select_wv_item {WV1.ICON.grid on/off}
wv_release_wv_item WV1 157 15
wv_select_wv_item {WV1.ICON.data point}
wv_release_wv_item WV1 142 15
wv_select_panel WV1.PANEL1:1 0.509194 -5.00333e-05
wv_select_panel WV1.PANEL1:1 0.523338 -5.00333e-05
wv_drag_item_to WV1 341 101
wv_zoom_x WV1.PANEL1:1 0.523338 1.17397
wv_select_wv_item WV1.ICON.unzoom
wv_release_wv_item WV1 50 9
wv_select_wv_item WV1.ICON.zoomout
wv_release_wv_item WV1 41 11
wv_select_wv_item WV1.ICON.zoomin
wv_release_wv_item WV1 25 12
wv_select_wv_item WV1.ICON.zoomin
wv_release_wv_item WV1 23 13
wv_select_panel WV1.PANEL1:1 0.594059 -8.54735e-05
wv_drag_item_to WV1 359 155
wv_zoom WV1.PANEL1:1 0.594059 -8.54735e-05 1.79632 -0.000142456
wv_select_wv_item WV1.ICON.unzoom
wv_release_wv_item WV1 53 11
wv_select_wv_item {WV1.ICON.data point}
wv_release_wv_item WV1 141 18
wv_select_wv_item {WV1.ICON.select all/none}
wv_release_wv_item WV1 236 16
wv_select_wv_item {WV1.ICON.select all/none}
wv_release_wv_item WV1 236 16
wv_select_toolbar_item {2D Sweep}
wv_select_panel WV1.PANEL1:2 31 0.501416
wv_drag_item_to WV1 645 205
wv_drag_sigview_item i(vds)
wv_drag_enter WV1
wv_drag_to WV1 3 251
wv_drag_to WV1 90 251
wv_drag_to WV1 423 275
wv_drag_to WV1 500 275
wv_drag_to WV1 562 268
wv_drop_on WV1
wv_select_wv_item WV1.PANEL1:2.LEGEND
wv_select_panel WV1.PANEL1:2.LEGEND
wv_press_key Delete
## Confirmation dialog opened
wv_move_dialog Confirmation 899 440
wv_select_dialog Confirmation
wv_select_dialog Confirmation
wv_press_button Confirmation.Ok
wv_select_toolbar_item {FFT/DFT}
wv_move_dialog FFTDFTParameters 979 477
wv_resize_dialog FFTDFTParameters 22 29
wv_select_dialog FFTDFTParameters
wv_move_dialog FFTDFTParameters 979 422
wv_resize_dialog FFTDFTParameters 555 745
wv_select_dialog FFTDFTParameters
wv_close_dialog FFTDFTParameters
wv_select_toolbar_item {Histogram}
wv_drag_sigview_item i(vds)
wv_drag_enter WV1
wv_drag_to WV1 15 261
wv_drag_to WV1 101 257
wv_drag_to WV1 415 252
wv_drag_to WV1 498 246
wv_drag_to WV1 573 246
wv_drop_on WV1
wv_select_wv_item WV1.PANEL1:2.LEGEND
wv_drag_item_to WV1 532 39
wv_drag_enter WV1
wv_drop_on WV1
wv_drag_item_to WV1 537 43
wv_select_wv_item WV1.PANEL1:1.LEGEND
wv_select_panel WV1.PANEL1:1.LEGEND
wv_press_key Delete
## Confirmation dialog opened
wv_move_dialog Confirmation 899 440
wv_select_dialog Confirmation
wv_select_dialog Confirmation
wv_press_button Confirmation.Ok
wv_select_toolbar_item {X-Y}
wv_drag_sigview_item i(vds)
wv_drag_enter WV1
wv_drag_to WV1 7 246
wv_drag_to WV1 164 246
wv_drag_to WV1 445 246
wv_drag_to WV1 511 246
wv_drag_to WV1 570 247
wv_drop_on WV1
wv_select_wv_item WV1.PANEL1:2.XAXIS1
wv_select_panel WV1.PANEL1:2 3.11978 -0.000211252
wv_drag_item_to WV1 839 334
wv_zoom_x WV1.PANEL1:2 3.11978 3.66295
wv_select_panel WV1.PANEL1:2 3.25292 -0.000153574
wv_drag_item_to WV1 708 257
wv_zoom_x WV1.PANEL1:2 3.25292 3.5404
wv_select_panel WV1.PANEL1:2 3.35462 -0.000152185
wv_drag_item_to WV1 743 248
wv_zoom_x WV1.PANEL1:2 3.35462 3.49395
wv_select_panel WV1.PANEL1:2 3.4109 -0.000163998
wv_drag_item_to WV1 760 266
#signal over-zoomed, action canceled
wv_release_wv_item WV1 913 384
wv_select_wv_item WV1.ICON.unzoom
wv_release_wv_item WV1 51 14
wv_select_wv_item WV1.ICON.unzoom
wv_release_wv_item WV1 52 14
wv_select_wv_item WV1.PANEL1:2.LINE1.SWPSWITCH
wv_release_wv_item WV1 511 32
wv_release_wv_item WV1 574 111
wv_select_wv_item WV1.PANEL1:2.LEGEND
wv_select_panel WV1.PANEL1:2.LEGEND
wv_press_key Delete
## Confirmation dialog opened
wv_move_dialog Confirmation 899 440
wv_select_dialog Confirmation
wv_select_dialog Confirmation
wv_press_button Confirmation.Ok
wv_select_toolbar_item {Scan Settings}
wv_select_dialog ScanControl
wv_move_dialog ScanControl 847 269
wv_close_dialog ScanControl
wv_select_toolbar_item {Preferences}
wv_select_dialog PreferenceSettings
wv_select_dialog PreferenceSettings
wv_move_dialog PreferenceSettings 0 0
wv_select_tab PreferenceSettings.Preference 1
wv_close_dialog PreferenceSettings
wv_select_toolbar_item {3D Sweep}
wv_drag_sigview_item i(vds)
wv_drag_enter WV1
wv_drag_to WV1 11 246
wv_drag_to WV1 155 246
wv_drag_to WV1 417 256
wv_drag_to WV1 489 265
wv_drag_to WV1 576 280
wv_drag_to WV1 723 314
wv_drop_on WV1
wv_select_wv_item WV1.PANEL2:1.LEGEND
wv_select_panel WV1.PANEL2:1.LEGEND
wv_press_key Delete
## Confirmation dialog opened
wv_move_dialog Confirmation 899 440
wv_select_dialog Confirmation
wv_select_dialog Confirmation
wv_press_button Confirmation.Ok
wv_release_wv_item WV1 583 127
wv_select_panel WV1.PANEL1:2 0.7872 1.23614
wv_drag_item_to WV1 702 134
#zoom operation not permitted in this panel type
wv_release_wv_item WV1 726 158
wv_select_wv_item WV1.PANEL1:2.ALPHA 675 433
wv_drag_item_to WV1 677 433
wv_drag_item_to WV1 812 450
wv_horz_scroll WV1.PANEL1:2.ALPHA 176
wv_waveview_context_menu WV1.PANEL1:2
wv_select_context_menu_item {Cut}
wv_move_dialog Confirmation 899 440
wv_select_dialog Confirmation
wv_select_dialog Confirmation
wv_press_button Confirmation.Ok
wv_close_window CustomWaveView
## Confirmation dialog opened
wv_move_dialog Confirmation 892 440
wv_select_dialog Confirmation
wv_select_dialog Confirmation
# wv_press_button Confirmation.Ok
